<?xml version="1.0" encoding="UTF-8"?>
<!-- Generated by org.testng.reporters.JUnitReportReporter -->
<testsuite hostname="Davids-MBP" failures="0" tests="1" name="dataDrivingTesting_DDT.LoginTestDDT_xlsx" time="0.000" errors="0" timestamp="10 Oct. 2018 23:52:15 GMT" skipped="1">
  <testcase classname="dataDrivingTesting_DDT.LoginTestDDT_xlsx" name="loginTest" time="0.000">
    <skipped/>
  </testcase> <!-- loginTest -->
</testsuite> <!-- dataDrivingTesting_DDT.LoginTestDDT_xlsx -->
