<?xml version="1.0" encoding="UTF-8"?>
<!-- Generated by org.testng.reporters.JUnitReportReporter -->
<testsuite hostname="Davids-MBP" failures="0" tests="1" name="co.indebted.mypackage.tests.AnalyseTest" time="70.252" errors="0" timestamp="14 Nov. 2018 21:46:58 GMT" skipped="0">
  <testcase classname="co.indebted.mypackage.tests.AnalyseTest" name="AnalyseTests" time="70.252"/>
</testsuite> <!-- co.indebted.mypackage.tests.AnalyseTest -->
