<?xml version="1.0" encoding="UTF-8"?>
<!-- Generated by org.testng.reporters.JUnitReportReporter -->
<testsuite hostname="Davids-MBP" failures="0" tests="1" name="co.indebted.mypackage.tests.portals.AgentPortalTest" time="189.254" errors="0" timestamp="28 Nov. 2018 21:28:07 GMT" skipped="0">
  <testcase classname="co.indebted.mypackage.tests.portals.AgentPortalTest" name="agentPortalTest" time="189.254"/>
</testsuite> <!-- co.indebted.mypackage.tests.portals.AgentPortalTest -->
