<?xml version="1.0" encoding="UTF-8"?>
<!-- Generated by org.testng.reporters.JUnitReportReporter -->
<testsuite hostname="Davids-MBP" failures="0" tests="1" name="co.indebted.mypackage.tests.LoginTest" time="15.209" errors="0" timestamp="18 Oct. 2018 23:10:17 GMT" skipped="0">
  <testcase classname="co.indebted.mypackage.tests.LoginTest" name="loginTestPOM" time="15.209"/>
</testsuite> <!-- co.indebted.mypackage.tests.LoginTest -->
