<?xml version="1.0" encoding="UTF-8"?>
<!-- Generated by org.testng.reporters.JUnitReportReporter -->
<testsuite hostname="Davids-MBP" failures="0" tests="1" name="co.indebted.mypackage.tests.settings.PermissionsTabTest" time="33.675" errors="0" timestamp="19 Nov. 2018 23:10:13 GMT" skipped="0">
  <testcase classname="co.indebted.mypackage.tests.settings.PermissionsTabTest" name="PermissionsTabTests" time="33.675"/>
</testsuite> <!-- co.indebted.mypackage.tests.settings.PermissionsTabTest -->
