<?xml version="1.0" encoding="UTF-8"?>
<!-- Generated by org.testng.reporters.JUnitReportReporter -->
<testsuite hostname="Davids-MBP" failures="0" tests="1" name="co.indebted.mypackage.tests.AnalyseTest" time="12.698" errors="0" timestamp="17 Oct. 2018 00:01:56 GMT" skipped="0">
  <testcase classname="co.indebted.mypackage.tests.AnalyseTest" name="AnalyseTestPOM" time="12.698"/>
</testsuite> <!-- co.indebted.mypackage.tests.AnalyseTest -->
