<?xml version="1.0" encoding="UTF-8"?>
<!-- Generated by org.testng.reporters.JUnitReportReporter -->
<testsuite hostname="Davids-MBP" failures="0" tests="1" name="tests.ResetPasswordTest" time="6.337" errors="0" timestamp="11 Oct. 2018 23:03:54 GMT" skipped="0">
  <testcase classname="tests.ResetPasswordTest" name="resetPassword" time="6.337"/>
</testsuite> <!-- tests.ResetPasswordTest -->
