<?xml version="1.0" encoding="UTF-8"?>
<!-- Generated by org.testng.reporters.JUnitReportReporter -->
<testsuite hostname="Davids-MBP" failures="0" tests="1" name="co.indebted.mypackage.tests.settings.TeamsTabTest" time="19.228" errors="0" timestamp="12 Dec. 2018 01:03:58 GMT" skipped="0">
  <testcase classname="co.indebted.mypackage.tests.settings.TeamsTabTest" name="TeamsTabTests" time="19.228"/>
</testsuite> <!-- co.indebted.mypackage.tests.settings.TeamsTabTest -->
