<?xml version="1.0" encoding="UTF-8"?>
<!-- Generated by org.testng.reporters.JUnitReportReporter -->
<testsuite hostname="Davids-MBP" failures="0" tests="1" name="co.indebted.mypackage.tests.UsersTabTest" time="17.840" errors="0" timestamp="16 Nov. 2018 05:07:33 GMT" skipped="0">
  <testcase classname="co.indebted.mypackage.tests.UsersTabTest" name="PermissionsTabTests" time="17.840"/>
</testsuite> <!-- co.indebted.mypackage.tests.UsersTabTest -->
