<?xml version="1.0" encoding="UTF-8"?>
<!-- Generated by org.testng.reporters.JUnitReportReporter -->
<testsuite hostname="Davids-MBP" failures="0" tests="1" name="co.indebted.mypackage.ddt.LoginTestDDT_Excel" time="0.000" errors="0" timestamp="18 Oct. 2018 00:51:08 GMT" skipped="1">
  <testcase classname="co.indebted.mypackage.ddt.LoginTestDDT_Excel" name="loginTest" time="0.000">
    <skipped/>
  </testcase> <!-- loginTest -->
</testsuite> <!-- co.indebted.mypackage.ddt.LoginTestDDT_Excel -->
