<?xml version="1.0" encoding="UTF-8"?>
<!-- Generated by org.testng.reporters.JUnitReportReporter -->
<testsuite hostname="Davids-MBP" failures="0" tests="1" name="com.indebted.tests.Reset_Password" time="5.870" errors="0" timestamp="01 Oct. 2018 22:49:01 GMT" skipped="0">
  <testcase classname="com.indebted.tests.Reset_Password" name="resetPassword" time="5.870"/>
</testsuite> <!-- com.indebted.tests.Reset_Password -->
