<?xml version="1.0" encoding="UTF-8"?>
<!-- Generated by org.testng.reporters.JUnitReportReporter -->
<testsuite hostname="Davids-MBP" failures="0" tests="1" name="com.indebted.tests.Login" time="11.582" errors="0" timestamp="01 Oct. 2018 22:49:01 GMT" skipped="0">
  <testcase classname="com.indebted.tests.Login" name="loginTest" time="11.582"/>
</testsuite> <!-- com.indebted.tests.Login -->
