<?xml version="1.0" encoding="UTF-8"?>
<!-- Generated by org.testng.reporters.JUnitReportReporter -->
<testsuite hostname="Davids-MBP" failures="0" tests="1" name="co.indebted.mypackage.tests.settings.ComplianceTabTest" time="19.782" errors="0" timestamp="27 Nov. 2018 04:11:35 GMT" skipped="0">
  <testcase classname="co.indebted.mypackage.tests.settings.ComplianceTabTest" name="ComplianceTabTests" time="19.782"/>
</testsuite> <!-- co.indebted.mypackage.tests.settings.ComplianceTabTest -->
