<?xml version="1.0" encoding="UTF-8"?>
<!-- Generated by org.testng.reporters.JUnitReportReporter -->
<testsuite hostname="Davids-MBP" failures="0" tests="1" name="tests.AnalyseTest" time="15.567" errors="0" timestamp="11 Oct. 2018 23:08:45 GMT" skipped="0">
  <testcase classname="tests.AnalyseTest" name="AnalyseTestPOM" time="15.567"/>
</testsuite> <!-- tests.AnalyseTest -->
