<?xml version="1.0" encoding="UTF-8"?>
<!-- Generated by org.testng.reporters.JUnitReportReporter -->
<testsuite hostname="Davids-MBP-2" failures="0" tests="1" name="co.indebted.mypackage.tests.portals.AgentPortalTest" time="199.724" errors="0" timestamp="11 Dec. 2018 07:10:41 GMT" skipped="0">
  <testcase classname="co.indebted.mypackage.tests.portals.AgentPortalTest" name="agentPortalTest" time="199.724"/>
</testsuite> <!-- co.indebted.mypackage.tests.portals.AgentPortalTest -->
