<?xml version="1.0" encoding="UTF-8"?>
<!-- Generated by org.testng.reporters.JUnitReportReporter -->
<testsuite hostname="Davids-MBP" failures="0" tests="1" name="co.indebted.mypackage.tests.settings.PermissionsTabTest" time="31.686" errors="0" timestamp="27 Nov. 2018 04:11:35 GMT" skipped="0">
  <testcase classname="co.indebted.mypackage.tests.settings.PermissionsTabTest" name="PermissionsTabTests" time="31.686"/>
</testsuite> <!-- co.indebted.mypackage.tests.settings.PermissionsTabTest -->
