<?xml version="1.0" encoding="UTF-8"?>
<!-- Generated by org.testng.reporters.JUnitReportReporter -->
<testsuite hostname="Davids-MBP" failures="0" tests="1" name="co.indebted.mypackage.tests.ResetPasswordTest" time="5.829" errors="0" timestamp="17 Oct. 2018 02:16:37 GMT" skipped="0">
  <testcase classname="co.indebted.mypackage.tests.ResetPasswordTest" name="resetPassword" time="5.829"/>
</testsuite> <!-- co.indebted.mypackage.tests.ResetPasswordTest -->
