<?xml version="1.0" encoding="UTF-8"?>
<!-- Generated by org.testng.reporters.JUnitReportReporter -->
<testsuite hostname="Davids-MBP" failures="0" tests="1" name="co.indebted.mypackage.tests.settings.GeneralTabTest" time="19.007" errors="0" timestamp="27 Nov. 2018 04:29:33 GMT" skipped="0">
  <testcase classname="co.indebted.mypackage.tests.settings.GeneralTabTest" name="GeneralTabTests" time="19.007"/>
</testsuite> <!-- co.indebted.mypackage.tests.settings.GeneralTabTest -->
