<?xml version="1.0" encoding="UTF-8"?>
<!-- Generated by org.testng.reporters.JUnitReportReporter -->
<testsuite hostname="Davids-MBP" failures="0" tests="1" name="co.indebted.mypackage.tests.PermissionsTabTest" time="29.334" errors="0" timestamp="18 Nov. 2018 23:35:33 GMT" skipped="0">
  <testcase classname="co.indebted.mypackage.tests.PermissionsTabTest" name="PermissionsTabTests" time="29.334"/>
</testsuite> <!-- co.indebted.mypackage.tests.PermissionsTabTest -->
