<?xml version="1.0" encoding="UTF-8"?>
<!-- Generated by org.testng.reporters.JUnitReportReporter -->
<testsuite hostname="Davids-MBP" failures="0" tests="1" name="co.indebted.mypackage.tests.GeneralTabTest" time="16.312" errors="0" timestamp="15 Nov. 2018 03:43:36 GMT" skipped="0">
  <testcase classname="co.indebted.mypackage.tests.GeneralTabTest" name="SettingsTests" time="16.312"/>
</testsuite> <!-- co.indebted.mypackage.tests.GeneralTabTest -->
