<?xml version="1.0" encoding="UTF-8"?>
<!-- Generated by org.testng.reporters.JUnitReportReporter -->
<testsuite hostname="Davids-MBP" failures="0" tests="1" name="co.indebted.mypackage.tests.SettingsTest" time="15.515" errors="0" timestamp="15 Nov. 2018 01:12:16 GMT" skipped="0">
  <testcase classname="co.indebted.mypackage.tests.SettingsTest" name="SettingsTests" time="15.515"/>
</testsuite> <!-- co.indebted.mypackage.tests.SettingsTest -->
