<?xml version="1.0" encoding="UTF-8"?>
<!-- Generated by org.testng.reporters.JUnitReportReporter -->
<testsuite hostname="Davids-MBP" failures="0" tests="1" name="co.indebted.mypackage.tests.LoginTest" time="13.118" errors="0" timestamp="05 Nov. 2018 22:58:02 GMT" skipped="0">
  <testcase classname="co.indebted.mypackage.tests.LoginTest" name="loginTestPOM" time="13.118"/>
</testsuite> <!-- co.indebted.mypackage.tests.LoginTest -->
