<?xml version="1.0" encoding="UTF-8"?>
<!-- Generated by org.testng.reporters.JUnitReportReporter -->
<testsuite hostname="Davids-MBP" failures="0" tests="1" name="co.indebted.mypackage.tests.ResetPasswordTest" time="8.358" errors="0" timestamp="05 Nov. 2018 22:58:02 GMT" skipped="0">
  <testcase classname="co.indebted.mypackage.tests.ResetPasswordTest" name="resetPassword" time="8.358"/>
</testsuite> <!-- co.indebted.mypackage.tests.ResetPasswordTest -->
